To honour the JVM settings for this build a single-use Daemon process will be forked. For more on this, please refer to https://docs.gradle.org/9.2.1/userguide/gradle_daemon.html#sec:disabling_the_daemon in the Gradle documentation.
Daemon will be stopped at the end of the build 

> Configure project :
Inferred project: gradle-dependency-lock-plugin, version: 16.2.0-dev.2.uncommitted+plugin.improvements.efd134f

> Task :compileGroovy UP-TO-DATE
> Task :checkKotlinGradlePluginConfigurationErrors SKIPPED
> Task :compileKotlin UP-TO-DATE
> Task :compileJava NO-SOURCE
> Task :pluginDescriptors
> Task :processResources
> Task :classes
> Task :createPropertiesFileForJar
> Task :writeManifestProperties
> Task :jar
> Task :compileTestKotlin NO-SOURCE
> Task :compileTestJava NO-SOURCE
> Task :compileTestGroovy
> Task :pluginUnderTestMetadata
> Task :processTestResources
> Task :testClasses

> Task :test
Executing tests with JDK: 21

GlobalLockLauncherSpec > global lock selective dependency updates FAILED
    org.gradle.testkit.runner.UnexpectedBuildFailure at GlobalLockLauncherSpec.groovy:71

GlobalLockWithForceLauncherSpec > create global locks in multiproject when force is present FAILED
    org.gradle.testkit.runner.UnexpectedBuildFailure at GlobalLockWithForceLauncherSpec.groovy:64

GlobalLockMultiProjectLauncherSpec > create global lock in multiproject FAILED
    org.gradle.testkit.runner.UnexpectedBuildFailure at GlobalLockMultiProjectLauncherSpec.groovy:60

GlobalLockMultiProjectLauncherSpec > create global lock in multiproject FAILED
    org.gradle.testkit.runner.UnexpectedBuildFailure at GlobalLockMultiProjectLauncherSpec.groovy:60

GlobalLockWithForceLauncherSpec > create global locks in multiproject when force is present FAILED
    org.gradle.testkit.runner.UnexpectedBuildFailure at GlobalLockWithForceLauncherSpec.groovy:64

GlobalLockLauncherSpec > global lock selective dependency updates FAILED
    org.gradle.testkit.runner.UnexpectedBuildFailure at GlobalLockLauncherSpec.groovy:71

GlobalLockWithForceLauncherSpec > create global locks in multiproject when force is present FAILED
    org.gradle.testkit.runner.UnexpectedBuildFailure at GlobalLockWithForceLauncherSpec.groovy:64

GlobalLockLauncherSpec > global lock selective dependency updates FAILED
    org.gradle.testkit.runner.UnexpectedBuildFailure at GlobalLockLauncherSpec.groovy:71

GlobalLockMultiProjectLauncherSpec > create global lock in multiproject FAILED
    org.gradle.testkit.runner.UnexpectedBuildFailure at GlobalLockMultiProjectLauncherSpec.groovy:60

GlobalLockLauncherSpec > global lock selective dependency updates FAILED
    org.gradle.testkit.runner.UnexpectedBuildFailure at GlobalLockLauncherSpec.groovy:71

GlobalLockMultiProjectLauncherSpec > create global lock in multiproject FAILED
    org.gradle.testkit.runner.UnexpectedBuildFailure at GlobalLockMultiProjectLauncherSpec.groovy:60

GlobalLockWithForceLauncherSpec > create global locks in multiproject when force is present FAILED
    org.gradle.testkit.runner.UnexpectedBuildFailure at GlobalLockWithForceLauncherSpec.groovy:64

-----------------------------------------------------------------
|  Results: FAILURE (12 tests, 0 passed, 12 failed, 0 skipped)  |
-----------------------------------------------------------------

12 tests completed, 12 failed

> Task :test FAILED

[Incubating] Problems report is available at: file:///Users/rperezalcolea/Projects/github/nebula-plugins/gradle-dependency-lock-plugin/build/reports/problems/problems-report.html

FAILURE: Build failed with an exception.

* What went wrong:
Execution failed for task ':test'.
> There were failing tests. See the report at: file:///Users/rperezalcolea/Projects/github/nebula-plugins/gradle-dependency-lock-plugin/build/reports/tests/test/index.html

Deprecated Gradle features were used in this build, making it incompatible with Gradle 10.

You can use '--warning-mode all' to show the individual deprecation warnings and determine if they come from your own scripts or plugins.

For more on this, please refer to https://docs.gradle.org/9.2.1/userguide/command_line_interface.html#sec:command_line_warnings in the Gradle documentation.

BUILD FAILED in 57s
11 actionable tasks: 9 executed, 2 up-to-date

Publishing build scan...
https://gradle.com/s/v5hr5rpiaq2lo

